<?xml version="1.0" encoding="UTF-8"?>
<!-- Generated by org.testng.reporters.JUnitReportReporter -->
<testsuite skipped="0" hostname="DESKTOP-FQJI2AJ" name="starter.testRunner.CucumberTestSuite" tests="2" failures="1" timestamp="16 oct. 2019 07:25:47 GMT" time="14.088" errors="0">
  <testcase name="feature" time="14.049" classname="starter.testRunner.CucumberTestSuite"/>
  <testcase name="feature" time="0.039" classname="starter.testRunner.CucumberTestSuite">
    <failure type="java.lang.AssertionError" message="expected [France] but found [Pologne]">
      <![CDATA[java.lang.AssertionError: expected [France] but found [Pologne]
at org.testng.Assert.fail(Assert.java:96)
at org.testng.Assert.failNotEquals(Assert.java:776)
at org.testng.Assert.assertEqualsImpl(Assert.java:137)
at org.testng.Assert.assertEquals(Assert.java:118)
at org.testng.Assert.assertEquals(Assert.java:453)
at org.testng.Assert.assertEquals(Assert.java:463)
at starter.stepdefinitions.AdresseStepDef.adressePrincipale(AdresseStepDef.java:61)
at âœ½.un abonne avec une adresse principale active en Pologne(src/test/resources/features/adresse.feature:5)
]]>
    </failure>
  </testcase> <!-- feature -->
</testsuite> <!-- starter.testRunner.CucumberTestSuite -->
